<?xml version="1.0" encoding="UTF-8"?>
<testsuite xmlns:xsi="http://www.w3.org/2001/XMLSchema-instance" xsi:noNamespaceSchemaLocation="https://maven.apache.org/surefire/maven-surefire-plugin/xsd/surefire-test-report-3.0.xsd" version="3.0" name="com.dm.impl.CommandRunnerImplTest" time="1.221" tests="4" errors="0" skipped="0" failures="0">
  <properties>
    <property name="java.specification.version" value="17"/>
    <property name="sun.jnu.encoding" value="UTF-8"/>
    <property name="java.class.path" value="/Users/Dmytro_Borysov/backup-app/command-runner/target/test-classes:/Users/Dmytro_Borysov/backup-app/command-runner/target/classes:/Users/Dmytro_Borysov/.m2/repository/org/apache/logging/log4j/log4j-api/2.25.2/log4j-api-2.25.2.jar:/Users/Dmytro_Borysov/.m2/repository/org/apache/logging/log4j/log4j-core/2.25.2/log4j-core-2.25.2.jar:/Users/Dmytro_Borysov/.m2/repository/org/apache/logging/log4j/log4j-layout-template-json/2.25.2/log4j-layout-template-json-2.25.2.jar:/Users/Dmytro_Borysov/.m2/repository/com/fasterxml/jackson/core/jackson-databind/2.20.0/jackson-databind-2.20.0.jar:/Users/Dmytro_Borysov/.m2/repository/com/fasterxml/jackson/core/jackson-annotations/2.20/jackson-annotations-2.20.jar:/Users/Dmytro_Borysov/.m2/repository/com/fasterxml/jackson/core/jackson-core/2.20.0/jackson-core-2.20.0.jar:/Users/Dmytro_Borysov/.m2/repository/org/mockito/mockito-junit-jupiter/5.20.0/mockito-junit-jupiter-5.20.0.jar:/Users/Dmytro_Borysov/.m2/repository/org/mockito/mockito-core/5.20.0/mockito-core-5.20.0.jar:/Users/Dmytro_Borysov/.m2/repository/net/bytebuddy/byte-buddy/1.17.7/byte-buddy-1.17.7.jar:/Users/Dmytro_Borysov/.m2/repository/net/bytebuddy/byte-buddy-agent/1.17.7/byte-buddy-agent-1.17.7.jar:/Users/Dmytro_Borysov/.m2/repository/org/objenesis/objenesis/3.3/objenesis-3.3.jar:/Users/Dmytro_Borysov/.m2/repository/org/junit/jupiter/junit-jupiter-api/5.13.4/junit-jupiter-api-5.13.4.jar:/Users/Dmytro_Borysov/.m2/repository/org/opentest4j/opentest4j/1.3.0/opentest4j-1.3.0.jar:/Users/Dmytro_Borysov/.m2/repository/org/junit/platform/junit-platform-commons/1.13.4/junit-platform-commons-1.13.4.jar:/Users/Dmytro_Borysov/.m2/repository/org/apiguardian/apiguardian-api/1.1.2/apiguardian-api-1.1.2.jar:"/>
    <property name="java.vm.vendor" value="Amazon.com Inc."/>
    <property name="sun.arch.data.model" value="64"/>
    <property name="java.vendor.url" value="https://aws.amazon.com/corretto/"/>
    <property name="user.timezone" value="Europe/Kiev"/>
    <property name="os.name" value="Mac OS X"/>
    <property name="java.vm.specification.version" value="17"/>
    <property name="user.country" value="US"/>
    <property name="sun.java.launcher" value="SUN_STANDARD"/>
    <property name="sun.boot.library.path" value="/Users/Dmytro_Borysov/.sdkman/candidates/java/17.0.17-amzn/lib"/>
    <property name="sun.java.command" value="/Users/Dmytro_Borysov/backup-app/command-runner/target/surefire/surefirebooter-20251028190037479_3.jar /Users/Dmytro_Borysov/backup-app/command-runner/target/surefire 2025-10-28T19-00-36_465-jvmRun1 surefire-20251028190037479_1tmp surefire_0-20251028190037479_2tmp"/>
    <property name="jdk.debug" value="release"/>
    <property name="surefire.test.class.path" value="/Users/Dmytro_Borysov/backup-app/command-runner/target/test-classes:/Users/Dmytro_Borysov/backup-app/command-runner/target/classes:/Users/Dmytro_Borysov/.m2/repository/org/apache/logging/log4j/log4j-api/2.25.2/log4j-api-2.25.2.jar:/Users/Dmytro_Borysov/.m2/repository/org/apache/logging/log4j/log4j-core/2.25.2/log4j-core-2.25.2.jar:/Users/Dmytro_Borysov/.m2/repository/org/apache/logging/log4j/log4j-layout-template-json/2.25.2/log4j-layout-template-json-2.25.2.jar:/Users/Dmytro_Borysov/.m2/repository/com/fasterxml/jackson/core/jackson-databind/2.20.0/jackson-databind-2.20.0.jar:/Users/Dmytro_Borysov/.m2/repository/com/fasterxml/jackson/core/jackson-annotations/2.20/jackson-annotations-2.20.jar:/Users/Dmytro_Borysov/.m2/repository/com/fasterxml/jackson/core/jackson-core/2.20.0/jackson-core-2.20.0.jar:/Users/Dmytro_Borysov/.m2/repository/org/mockito/mockito-junit-jupiter/5.20.0/mockito-junit-jupiter-5.20.0.jar:/Users/Dmytro_Borysov/.m2/repository/org/mockito/mockito-core/5.20.0/mockito-core-5.20.0.jar:/Users/Dmytro_Borysov/.m2/repository/net/bytebuddy/byte-buddy/1.17.7/byte-buddy-1.17.7.jar:/Users/Dmytro_Borysov/.m2/repository/net/bytebuddy/byte-buddy-agent/1.17.7/byte-buddy-agent-1.17.7.jar:/Users/Dmytro_Borysov/.m2/repository/org/objenesis/objenesis/3.3/objenesis-3.3.jar:/Users/Dmytro_Borysov/.m2/repository/org/junit/jupiter/junit-jupiter-api/5.13.4/junit-jupiter-api-5.13.4.jar:/Users/Dmytro_Borysov/.m2/repository/org/opentest4j/opentest4j/1.3.0/opentest4j-1.3.0.jar:/Users/Dmytro_Borysov/.m2/repository/org/junit/platform/junit-platform-commons/1.13.4/junit-platform-commons-1.13.4.jar:/Users/Dmytro_Borysov/.m2/repository/org/apiguardian/apiguardian-api/1.1.2/apiguardian-api-1.1.2.jar:"/>
    <property name="sun.cpu.endian" value="little"/>
    <property name="user.home" value="/Users/Dmytro_Borysov"/>
    <property name="user.language" value="en"/>
    <property name="java.specification.vendor" value="Oracle Corporation"/>
    <property name="java.version.date" value="2025-10-21"/>
    <property name="java.home" value="/Users/Dmytro_Borysov/.sdkman/candidates/java/17.0.17-amzn"/>
    <property name="file.separator" value="/"/>
    <property name="style.color" value="always"/>
    <property name="basedir" value="/Users/Dmytro_Borysov/backup-app/command-runner"/>
    <property name="java.vm.compressedOopsMode" value="Zero based"/>
    <property name="line.separator" value="&#10;"/>
    <property name="java.vm.specification.vendor" value="Oracle Corporation"/>
    <property name="java.specification.name" value="Java Platform API Specification"/>
    <property name="surefire.real.class.path" value="/Users/Dmytro_Borysov/backup-app/command-runner/target/surefire/surefirebooter-20251028190037479_3.jar"/>
    <property name="sun.management.compiler" value="HotSpot 64-Bit Tiered Compilers"/>
    <property name="java.runtime.version" value="17.0.17+10-LTS"/>
    <property name="user.name" value="Dmytro_Borysov"/>
    <property name="path.separator" value=":"/>
    <property name="os.version" value="15.7.1"/>
    <property name="java.runtime.name" value="OpenJDK Runtime Environment"/>
    <property name="file.encoding" value="UTF-8"/>
    <property name="java.vm.name" value="OpenJDK 64-Bit Server VM"/>
    <property name="java.vendor.version" value="Corretto-17.0.17.10.1"/>
    <property name="maven.ext.class.path" value="/Applications/IntelliJ IDEA.app/Contents/plugins/maven/lib/maven-event-listener.jar"/>
    <property name="localRepository" value="/Users/Dmytro_Borysov/.m2/repository"/>
    <property name="java.vendor.url.bug" value="https://github.com/corretto/corretto-17/issues/"/>
    <property name="java.io.tmpdir" value="/var/folders/fy/rsvk997x3_7d5sdxc05vm7wm0000gn/T/"/>
    <property name="idea.version" value="2025.2.4"/>
    <property name="java.version" value="17.0.17"/>
    <property name="user.dir" value="/Users/Dmytro_Borysov/backup-app/command-runner"/>
    <property name="os.arch" value="aarch64"/>
    <property name="jansi.passthrough" value="true"/>
    <property name="java.vm.specification.name" value="Java Virtual Machine Specification"/>
    <property name="native.encoding" value="UTF-8"/>
    <property name="java.library.path" value="/Users/Dmytro_Borysov/Library/Java/Extensions:/Library/Java/Extensions:/Network/Library/Java/Extensions:/System/Library/Java/Extensions:/usr/lib/java:."/>
    <property name="java.vm.info" value="mixed mode, sharing"/>
    <property name="java.vendor" value="Amazon.com Inc."/>
    <property name="java.vm.version" value="17.0.17+10-LTS"/>
    <property name="java.specification.maintenance.version" value="1"/>
    <property name="sun.io.unicode.encoding" value="UnicodeBig"/>
    <property name="maven.repo.local" value="/Users/Dmytro_Borysov/.m2/repository"/>
    <property name="java.class.version" value="61.0"/>
  </properties>
  <testcase name="run_whenThrowIOException" classname="com.dm.impl.CommandRunnerImplTest" time="1.2">
    <system-out><![CDATA[{"@timestamp":"2025-10-28T17:00:38.986Z","log.level":"ERROR","message":"CMD ERROR: [throwing IO Exception], directory [null], command [[some, command]]","process.thread.name":"main","class":"com.dm.impl.CommandRunnerImpl","method":"run","line":55,"log.logger":"com.dm.impl.CommandRunnerImpl"}
]]></system-out>
  </testcase>
  <testcase name="run_whenMultipleLinesOutput" classname="com.dm.impl.CommandRunnerImplTest" time="0.004">
    <system-out><![CDATA[{"@timestamp":"2025-10-28T17:00:39.001Z","log.level":"INFO","message":"CMD EXECUTED: status [0], outputSize [4], time [1 ms], directory [null], command [[some, command]]","process.thread.name":"main","class":"com.dm.impl.CommandRunnerImpl","method":"run","line":46,"log.logger":"com.dm.impl.CommandRunnerImpl"}
]]></system-out>
  </testcase>
  <testcase name="run_whenThrowRuntimeException" classname="com.dm.impl.CommandRunnerImplTest" time="0.003">
    <system-out><![CDATA[{"@timestamp":"2025-10-28T17:00:39.004Z","log.level":"ERROR","message":"CMD ERROR: [throwing Runtime Exception], directory [null], command [[some, command]]","process.thread.name":"main","class":"com.dm.impl.CommandRunnerImpl","method":"run","line":55,"log.logger":"com.dm.impl.CommandRunnerImpl"}
]]></system-out>
  </testcase>
  <testcase name="run_whenOneLineOutput" classname="com.dm.impl.CommandRunnerImplTest" time="0.003">
    <system-out><![CDATA[{"@timestamp":"2025-10-28T17:00:39.008Z","log.level":"INFO","message":"CMD EXECUTED: status [0], outputSize [1], time [0 ms], directory [null], command [[some, command]]","process.thread.name":"main","class":"com.dm.impl.CommandRunnerImpl","method":"run","line":46,"log.logger":"com.dm.impl.CommandRunnerImpl"}
]]></system-out>
  </testcase>
</testsuite>